<?xml version="1.0" encoding="UTF-8"?>
<!-- Generated by org.testng.reporters.JUnitReportReporter -->
<testsuite hostname="Owner-PC" failures="0" tests="3" name="com.crm.qa.testcases.HomePageTest" time="74.109" errors="0" timestamp="12 Jul 2019 06:38:44 GMT" skipped="0">
  <testcase classname="com.crm.qa.testcases.HomePageTest" name="verifyHomePageTitleTest" time="25.542"/>
  <testcase classname="com.crm.qa.testcases.HomePageTest" name="verifycorrectUseernameTest" time="23.658"/>
  <testcase classname="com.crm.qa.testcases.HomePageTest" name="verifyContactsLinkTest" time="24.909"/>
</testsuite> <!-- com.crm.qa.testcases.HomePageTest -->
