<?xml version="1.0" encoding="UTF-8"?>
<!-- Generated by org.testng.reporters.JUnitReportReporter -->
<testsuite hostname="Owner-PC" failures="0" tests="3" name="com.crm.qa.testcases.LoginPageTest" time="79.352" errors="0" timestamp="12 Jul 2019 06:38:44 GMT" skipped="0">
  <testcase classname="com.crm.qa.testcases.LoginPageTest" name="loginTest" time="44.181"/>
  <testcase classname="com.crm.qa.testcases.LoginPageTest" name="loginPageTitleTest" time="13.199"/>
  <testcase classname="com.crm.qa.testcases.LoginPageTest" name="validateImageTest" time="21.972"/>
</testsuite> <!-- com.crm.qa.testcases.LoginPageTest -->
